2019-04-13 11:26:50,347 [INFO] from play.api.libs.concurrent.ActorSystemProvider in pool-4-thread-1 - Starting application default Akka system: application
2019-04-13 11:26:50,406 [INFO] from play.core.server.NettyServer in pool-4-thread-1 - Listening for HTTP on /0:0:0:0:0:0:0:0:9000
2019-04-13 11:43:48,721 [WARN] from application in ForkJoinPool-1-worker-1 - Logger configuration in conf files is deprecated and has no effect. Use a logback configuration file instead.
2019-04-13 11:43:50,249 [INFO] from play.api.libs.concurrent.ActorSystemProvider in ForkJoinPool-1-worker-1 - Starting application default Akka system: application
2019-04-13 11:43:50,314 [INFO] from play.api.Play in ForkJoinPool-1-worker-1 - Application started (Dev)
2019-04-13 12:17:41,925 [ERROR] from play.core.server.netty.PlayDefaultUpstreamHandler in application-akka.actor.default-dispatcher-4 - Cannot invoke the action
java.nio.file.NoSuchFileException: /tmp/playtemp1608446486998873042/multipartBody4306172683313649613asTemporaryFile -> /home/laeeq/Desktop/Backup/Project5/uploadFile/temp/1B8O.pdbqt
	at sun.nio.fs.UnixException.translateToIOException(UnixException.java:86) ~[na:1.8.0_171]
	at sun.nio.fs.UnixException.rethrowAsIOException(UnixException.java:102) ~[na:1.8.0_171]
	at sun.nio.fs.UnixCopyFile.move(UnixCopyFile.java:457) ~[na:1.8.0_171]
	at sun.nio.fs.UnixFileSystemProvider.move(UnixFileSystemProvider.java:262) ~[na:1.8.0_171]
	at java.nio.file.Files.move(Files.java:1395) ~[na:1.8.0_171]
	at play.api.libs.Files$TemporaryFile.moveTo(Files.scala:93) ~[play_2.10-2.4.2.jar:2.4.2]
	at controllers.upload$$anonfun$upload$1$$anonfun$apply$1.apply(upload.scala:19) ~[classes/:na]
	at controllers.upload$$anonfun$upload$1$$anonfun$apply$1.apply(upload.scala:8) ~[classes/:na]
	at scala.Option.map(Option.scala:145) ~[scala-library-2.10.5.jar:na]
	at controllers.upload$$anonfun$upload$1.apply(upload.scala:8) ~[classes/:na]
	at controllers.upload$$anonfun$upload$1.apply(upload.scala:7) ~[classes/:na]
	at play.api.mvc.ActionBuilder$$anonfun$apply$16.apply(Action.scala:408) ~[play_2.10-2.4.2.jar:2.4.2]
	at play.api.mvc.ActionBuilder$$anonfun$apply$16.apply(Action.scala:407) ~[play_2.10-2.4.2.jar:2.4.2]
	at play.api.mvc.Action$.invokeBlock(Action.scala:533) ~[play_2.10-2.4.2.jar:2.4.2]
	at play.api.mvc.Action$.invokeBlock(Action.scala:530) ~[play_2.10-2.4.2.jar:2.4.2]
	at play.api.mvc.ActionBuilder$$anon$1.apply(Action.scala:493) ~[play_2.10-2.4.2.jar:2.4.2]
	at play.api.mvc.Action$$anonfun$apply$1$$anonfun$apply$4$$anonfun$apply$5.apply(Action.scala:105) ~[play_2.10-2.4.2.jar:2.4.2]
	at play.api.mvc.Action$$anonfun$apply$1$$anonfun$apply$4$$anonfun$apply$5.apply(Action.scala:105) ~[play_2.10-2.4.2.jar:2.4.2]
	at play.utils.Threads$.withContextClassLoader(Threads.scala:21) ~[play_2.10-2.4.2.jar:2.4.2]
	at play.api.mvc.Action$$anonfun$apply$1$$anonfun$apply$4.apply(Action.scala:104) ~[play_2.10-2.4.2.jar:2.4.2]
	at play.api.mvc.Action$$anonfun$apply$1$$anonfun$apply$4.apply(Action.scala:103) ~[play_2.10-2.4.2.jar:2.4.2]
	at scala.Option.map(Option.scala:145) ~[scala-library-2.10.5.jar:na]
	at play.api.mvc.Action$$anonfun$apply$1.apply(Action.scala:103) ~[play_2.10-2.4.2.jar:2.4.2]
	at play.api.mvc.Action$$anonfun$apply$1.apply(Action.scala:96) ~[play_2.10-2.4.2.jar:2.4.2]
	at play.api.libs.iteratee.Iteratee$$anonfun$mapM$1.apply(Iteratee.scala:524) ~[play-iteratees_2.10-2.4.2.jar:2.4.2]
	at play.api.libs.iteratee.Iteratee$$anonfun$mapM$1.apply(Iteratee.scala:524) ~[play-iteratees_2.10-2.4.2.jar:2.4.2]
	at play.api.libs.iteratee.Iteratee$$anonfun$flatMapM$1.apply(Iteratee.scala:560) ~[play-iteratees_2.10-2.4.2.jar:2.4.2]
	at play.api.libs.iteratee.Iteratee$$anonfun$flatMapM$1.apply(Iteratee.scala:560) ~[play-iteratees_2.10-2.4.2.jar:2.4.2]
	at play.api.libs.iteratee.Iteratee$$anonfun$flatMap$1$$anonfun$apply$14.apply(Iteratee.scala:537) ~[play-iteratees_2.10-2.4.2.jar:2.4.2]
	at play.api.libs.iteratee.Iteratee$$anonfun$flatMap$1$$anonfun$apply$14.apply(Iteratee.scala:537) ~[play-iteratees_2.10-2.4.2.jar:2.4.2]
	at scala.concurrent.impl.Future$PromiseCompletingRunnable.liftedTree1$1(Future.scala:24) ~[scala-library-2.10.5.jar:na]
	at scala.concurrent.impl.Future$PromiseCompletingRunnable.run(Future.scala:24) ~[scala-library-2.10.5.jar:na]
	at akka.dispatch.TaskInvocation.run(AbstractDispatcher.scala:40) [akka-actor_2.10-2.3.11.jar:na]
	at akka.dispatch.ForkJoinExecutorConfigurator$AkkaForkJoinTask.exec(AbstractDispatcher.scala:397) [akka-actor_2.10-2.3.11.jar:na]
	at scala.concurrent.forkjoin.ForkJoinTask.doExec(ForkJoinTask.java:260) [scala-library-2.10.5.jar:na]
	at scala.concurrent.forkjoin.ForkJoinPool$WorkQueue.runTask(ForkJoinPool.java:1339) [scala-library-2.10.5.jar:na]
	at scala.concurrent.forkjoin.ForkJoinPool.runWorker(ForkJoinPool.java:1979) [scala-library-2.10.5.jar:na]
	at scala.concurrent.forkjoin.ForkJoinWorkerThread.run(ForkJoinWorkerThread.java:107) [scala-library-2.10.5.jar:na]
2019-04-13 12:17:41,965 [ERROR] from application in application-akka.actor.default-dispatcher-4 - 

! @7bg5k5gif - Internal server error, for (POST) [/upload] ->
 
play.api.http.HttpErrorHandlerExceptions$$anon$1: Execution exception[[NoSuchFileException: /tmp/playtemp1608446486998873042/multipartBody4306172683313649613asTemporaryFile -> /home/laeeq/Desktop/Backup/Project5/uploadFile/temp/1B8O.pdbqt]]
	at play.api.http.HttpErrorHandlerExceptions$.throwableToUsefulException(HttpErrorHandler.scala:265) ~[play_2.10-2.4.2.jar:2.4.2]
	at play.api.http.DefaultHttpErrorHandler.onServerError(HttpErrorHandler.scala:191) ~[play_2.10-2.4.2.jar:2.4.2]
	at play.api.GlobalSettings$class.onError(GlobalSettings.scala:179) [play_2.10-2.4.2.jar:2.4.2]
	at play.api.DefaultGlobal$.onError(GlobalSettings.scala:212) [play_2.10-2.4.2.jar:2.4.2]
	at play.api.http.GlobalSettingsHttpErrorHandler.onServerError(HttpErrorHandler.scala:94) [play_2.10-2.4.2.jar:2.4.2]
	at play.core.server.netty.PlayDefaultUpstreamHandler$$anonfun$3.applyOrElse(PlayDefaultUpstreamHandler.scala:273) [play-netty-server_2.10-2.4.2.jar:2.4.2]
	at play.core.server.netty.PlayDefaultUpstreamHandler$$anonfun$3.applyOrElse(PlayDefaultUpstreamHandler.scala:269) [play-netty-server_2.10-2.4.2.jar:2.4.2]
	at scala.concurrent.Future$$anonfun$recoverWith$1.apply(Future.scala:344) [scala-library-2.10.5.jar:na]
	at scala.concurrent.Future$$anonfun$recoverWith$1.apply(Future.scala:343) [scala-library-2.10.5.jar:na]
	at scala.concurrent.impl.CallbackRunnable.run(Promise.scala:32) [scala-library-2.10.5.jar:na]
	at play.api.libs.iteratee.Execution$trampoline$.executeScheduled(Execution.scala:109) [play-iteratees_2.10-2.4.2.jar:2.4.2]
	at play.api.libs.iteratee.Execution$trampoline$.execute(Execution.scala:71) [play-iteratees_2.10-2.4.2.jar:2.4.2]
	at scala.concurrent.impl.CallbackRunnable.executeWithValue(Promise.scala:40) [scala-library-2.10.5.jar:na]
	at scala.concurrent.impl.Promise$DefaultPromise.tryComplete(Promise.scala:248) [scala-library-2.10.5.jar:na]
	at scala.concurrent.Promise$class.complete(Promise.scala:55) [scala-library-2.10.5.jar:na]
	at scala.concurrent.impl.Promise$DefaultPromise.complete(Promise.scala:153) [scala-library-2.10.5.jar:na]
	at scala.concurrent.Future$$anonfun$flatMap$1.apply(Future.scala:249) [scala-library-2.10.5.jar:na]
	at scala.concurrent.Future$$anonfun$flatMap$1.apply(Future.scala:249) [scala-library-2.10.5.jar:na]
	at scala.concurrent.impl.CallbackRunnable.run(Promise.scala:32) [scala-library-2.10.5.jar:na]
	at akka.dispatch.BatchingExecutor$AbstractBatch.processBatch(BatchingExecutor.scala:55) [akka-actor_2.10-2.3.11.jar:na]
	at akka.dispatch.BatchingExecutor$BlockableBatch$$anonfun$run$1.apply$mcV$sp(BatchingExecutor.scala:91) [akka-actor_2.10-2.3.11.jar:na]
	at akka.dispatch.BatchingExecutor$BlockableBatch$$anonfun$run$1.apply(BatchingExecutor.scala:91) [akka-actor_2.10-2.3.11.jar:na]
	at akka.dispatch.BatchingExecutor$BlockableBatch$$anonfun$run$1.apply(BatchingExecutor.scala:91) [akka-actor_2.10-2.3.11.jar:na]
	at scala.concurrent.BlockContext$.withBlockContext(BlockContext.scala:72) [scala-library-2.10.5.jar:na]
	at akka.dispatch.BatchingExecutor$BlockableBatch.run(BatchingExecutor.scala:90) [akka-actor_2.10-2.3.11.jar:na]
	at akka.dispatch.TaskInvocation.run(AbstractDispatcher.scala:40) [akka-actor_2.10-2.3.11.jar:na]
	at akka.dispatch.ForkJoinExecutorConfigurator$AkkaForkJoinTask.exec(AbstractDispatcher.scala:397) [akka-actor_2.10-2.3.11.jar:na]
	at scala.concurrent.forkjoin.ForkJoinTask.doExec(ForkJoinTask.java:260) [scala-library-2.10.5.jar:na]
	at scala.concurrent.forkjoin.ForkJoinPool$WorkQueue.runTask(ForkJoinPool.java:1339) [scala-library-2.10.5.jar:na]
	at scala.concurrent.forkjoin.ForkJoinPool.runWorker(ForkJoinPool.java:1979) [scala-library-2.10.5.jar:na]
	at scala.concurrent.forkjoin.ForkJoinWorkerThread.run(ForkJoinWorkerThread.java:107) [scala-library-2.10.5.jar:na]
Caused by: java.nio.file.NoSuchFileException: /tmp/playtemp1608446486998873042/multipartBody4306172683313649613asTemporaryFile -> /home/laeeq/Desktop/Backup/Project5/uploadFile/temp/1B8O.pdbqt
	at sun.nio.fs.UnixException.translateToIOException(UnixException.java:86) ~[na:1.8.0_171]
	at sun.nio.fs.UnixException.rethrowAsIOException(UnixException.java:102) ~[na:1.8.0_171]
	at sun.nio.fs.UnixCopyFile.move(UnixCopyFile.java:457) ~[na:1.8.0_171]
	at sun.nio.fs.UnixFileSystemProvider.move(UnixFileSystemProvider.java:262) ~[na:1.8.0_171]
	at java.nio.file.Files.move(Files.java:1395) ~[na:1.8.0_171]
	at play.api.libs.Files$TemporaryFile.moveTo(Files.scala:93) ~[play_2.10-2.4.2.jar:2.4.2]
	at controllers.upload$$anonfun$upload$1$$anonfun$apply$1.apply(upload.scala:19) ~[classes/:na]
	at controllers.upload$$anonfun$upload$1$$anonfun$apply$1.apply(upload.scala:8) ~[classes/:na]
	at scala.Option.map(Option.scala:145) ~[scala-library-2.10.5.jar:na]
	at controllers.upload$$anonfun$upload$1.apply(upload.scala:8) ~[classes/:na]
	at controllers.upload$$anonfun$upload$1.apply(upload.scala:7) ~[classes/:na]
	at play.api.mvc.ActionBuilder$$anonfun$apply$16.apply(Action.scala:408) ~[play_2.10-2.4.2.jar:2.4.2]
	at play.api.mvc.ActionBuilder$$anonfun$apply$16.apply(Action.scala:407) ~[play_2.10-2.4.2.jar:2.4.2]
	at play.api.mvc.Action$.invokeBlock(Action.scala:533) ~[play_2.10-2.4.2.jar:2.4.2]
	at play.api.mvc.Action$.invokeBlock(Action.scala:530) ~[play_2.10-2.4.2.jar:2.4.2]
	at play.api.mvc.ActionBuilder$$anon$1.apply(Action.scala:493) ~[play_2.10-2.4.2.jar:2.4.2]
	at play.api.mvc.Action$$anonfun$apply$1$$anonfun$apply$4$$anonfun$apply$5.apply(Action.scala:105) ~[play_2.10-2.4.2.jar:2.4.2]
	at play.api.mvc.Action$$anonfun$apply$1$$anonfun$apply$4$$anonfun$apply$5.apply(Action.scala:105) ~[play_2.10-2.4.2.jar:2.4.2]
	at play.utils.Threads$.withContextClassLoader(Threads.scala:21) ~[play_2.10-2.4.2.jar:2.4.2]
	at play.api.mvc.Action$$anonfun$apply$1$$anonfun$apply$4.apply(Action.scala:104) ~[play_2.10-2.4.2.jar:2.4.2]
	at play.api.mvc.Action$$anonfun$apply$1$$anonfun$apply$4.apply(Action.scala:103) ~[play_2.10-2.4.2.jar:2.4.2]
	at scala.Option.map(Option.scala:145) ~[scala-library-2.10.5.jar:na]
	at play.api.mvc.Action$$anonfun$apply$1.apply(Action.scala:103) ~[play_2.10-2.4.2.jar:2.4.2]
	at play.api.mvc.Action$$anonfun$apply$1.apply(Action.scala:96) ~[play_2.10-2.4.2.jar:2.4.2]
	at play.api.libs.iteratee.Iteratee$$anonfun$mapM$1.apply(Iteratee.scala:524) ~[play-iteratees_2.10-2.4.2.jar:2.4.2]
	at play.api.libs.iteratee.Iteratee$$anonfun$mapM$1.apply(Iteratee.scala:524) ~[play-iteratees_2.10-2.4.2.jar:2.4.2]
	at play.api.libs.iteratee.Iteratee$$anonfun$flatMapM$1.apply(Iteratee.scala:560) ~[play-iteratees_2.10-2.4.2.jar:2.4.2]
	at play.api.libs.iteratee.Iteratee$$anonfun$flatMapM$1.apply(Iteratee.scala:560) ~[play-iteratees_2.10-2.4.2.jar:2.4.2]
	at play.api.libs.iteratee.Iteratee$$anonfun$flatMap$1$$anonfun$apply$14.apply(Iteratee.scala:537) ~[play-iteratees_2.10-2.4.2.jar:2.4.2]
	at play.api.libs.iteratee.Iteratee$$anonfun$flatMap$1$$anonfun$apply$14.apply(Iteratee.scala:537) ~[play-iteratees_2.10-2.4.2.jar:2.4.2]
	at scala.concurrent.impl.Future$PromiseCompletingRunnable.liftedTree1$1(Future.scala:24) ~[scala-library-2.10.5.jar:na]
	at scala.concurrent.impl.Future$PromiseCompletingRunnable.run(Future.scala:24) ~[scala-library-2.10.5.jar:na]
	... 6 common frames omitted
